Arguments: 
  C:\Program Files\nodejs\node.exe C:\Users\Nikollas David\AppData\Roaming\npm\node_modules\yarn\bin\yarn.js add cvs-parse

PATH: 
  C:\Windows\system32;C:\Windows;C:\Windows\System32\Wbem;C:\Windows\System32\WindowsPowerShell\v1.0\;C:\Windows\System32\OpenSSH\;C:\Program Files (x86)\NVIDIA Corporation\PhysX\Common;C:\Program Files\NVIDIA Corporation\NVIDIA NvDLISR;C:\Program Files\Git\cmd;C:\Program Files\nodejs\;C:\Users\Nikollas David\AppData\Local\Microsoft\WindowsApps;C:\Users\Nikollas David\AppData\Local\Programs\Microsoft VS Code\bin;C:\Users\Nikollas David\AppData\Local\GitHubDesktop\bin;C:\Users\Nikollas David\AppData\Roaming\npm

Yarn version: 
  1.22.19

Node version: 
  16.15.0

Platform: 
  win32 x64

Trace: 
  Error: https://registry.yarnpkg.com/cvs-parse: Not found
      at Request.params.callback [as _callback] (C:\Users\Nikollas David\AppData\Roaming\npm\node_modules\yarn\lib\cli.js:66145:18)
      at Request.self.callback (C:\Users\Nikollas David\AppData\Roaming\npm\node_modules\yarn\lib\cli.js:140890:22)
      at Request.emit (node:events:527:28)
      at Request.<anonymous> (C:\Users\Nikollas David\AppData\Roaming\npm\node_modules\yarn\lib\cli.js:141862:10)
      at Request.emit (node:events:527:28)
      at IncomingMessage.<anonymous> (C:\Users\Nikollas David\AppData\Roaming\npm\node_modules\yarn\lib\cli.js:141784:12)
      at Object.onceWrapper (node:events:641:28)
      at IncomingMessage.emit (node:events:539:35)
      at endReadableNT (node:internal/streams/readable:1345:12)
      at processTicksAndRejections (node:internal/process/task_queues:83:21)

npm manifest: 
  {
    "name": "apredendo-node-typerscript",
    "version": "1.0.0",
    "main": "index.js",
    "repository": "https://github.com/Ndav07/Apredendo-Node-Typerscript.git",
    "author": "Ndav07 <94586597+Ndav07@users.noreply.github.com>",
    "license": "MIT",
    "scripts": {
      "dev": "ts-node-dev --inspect --transpile-only --ignore-watch node_modules --respawn src/server.ts",
      "typeorm": "ts-node-dev ./node_modules/typeorm/cli"
    },
    "dependencies": {},
    "devDependencies": {}
  }

yarn manifest: 
  No manifest

Lockfile: 
  # THIS IS AN AUTOGENERATED FILE. DO NOT EDIT THIS FILE DIRECTLY.
  # yarn lockfile v1
